<?xml version="1.0" encoding="UTF-8"?>
<!-- Generated by org.testng.reporters.JUnitReportReporter -->
<testsuite skipped="0" hostname="DESKTOP-UHORISU" name="testrunners.AddNewVerticalTestCase" tests="1" failures="0" timestamp="09 Feb 2023 11:02:22 GMT" time="68.038" errors="0">
  <testcase name="feature" time="68.038" classname="testrunners.AddNewVerticalTestCase"/>
</testsuite> <!-- testrunners.AddNewVerticalTestCase -->
