<?xml version="1.0" encoding="UTF-8"?>
<!-- Generated by org.testng.reporters.JUnitReportReporter -->
<testsuite skipped="0" hostname="DESKTOP-UHORISU" name="testrunners.DeleteFunctionTestCase" tests="1" failures="0" timestamp="09 Feb 2023 10:10:44 GMT" time="41.191" errors="0">
  <testcase name="feature" time="41.191" classname="testrunners.DeleteFunctionTestCase"/>
</testsuite> <!-- testrunners.DeleteFunctionTestCase -->
