<?xml version="1.0" encoding="UTF-8"?>
<!-- Generated by org.testng.reporters.JUnitReportReporter -->
<testsuite skipped="0" hostname="DESKTOP-UHORISU" name="testrunners.AddNewAttributeGroupTestCase" tests="1" failures="0" timestamp="09 Feb 2023 10:10:44 GMT" time="56.757" errors="0">
  <testcase name="feature" time="56.757" classname="testrunners.AddNewAttributeGroupTestCase"/>
</testsuite> <!-- testrunners.AddNewAttributeGroupTestCase -->
