<?xml version="1.0" encoding="UTF-8"?>
<!-- Generated by org.testng.reporters.JUnitReportReporter -->
<testsuite skipped="0" hostname="DESKTOP-UHORISU" name="testrunners.EditNodeTypeTestcase" tests="1" failures="0" timestamp="07 Feb 2023 13:52:34 GMT" time="58.115" errors="0">
  <testcase name="feature" time="58.115" classname="testrunners.EditNodeTypeTestcase"/>
</testsuite> <!-- testrunners.EditNodeTypeTestcase -->
