<?xml version="1.0" encoding="UTF-8"?>
<!-- Generated by org.testng.reporters.JUnitReportReporter -->
<testsuite skipped="0" hostname="DESKTOP-UHORISU" name="testrunners.DeleteAttributeTestCase" tests="1" failures="0" timestamp="07 Feb 2023 13:52:34 GMT" time="44.875" errors="0">
  <testcase name="feature" time="44.875" classname="testrunners.DeleteAttributeTestCase"/>
</testsuite> <!-- testrunners.DeleteAttributeTestCase -->
