<?xml version="1.0" encoding="UTF-8"?>
<!-- Generated by org.testng.reporters.JUnitReportReporter -->
<testsuite skipped="0" hostname="DESKTOP-UHORISU" name="testrunners.EditFunctionTestCase" tests="1" failures="0" timestamp="07 Feb 2023 13:52:34 GMT" time="57.721" errors="0">
  <testcase name="feature" time="57.721" classname="testrunners.EditFunctionTestCase"/>
</testsuite> <!-- testrunners.EditFunctionTestCase -->
