<?xml version="1.0" encoding="UTF-8"?>
<!-- Generated by org.testng.reporters.JUnitReportReporter -->
<testsuite skipped="0" hostname="DESKTOP-UHORISU" name="testrunners.LoginTestCase" tests="1" failures="0" timestamp="07 Feb 2023 13:52:34 GMT" time="17.290" errors="0">
  <testcase name="feature" time="17.290" classname="testrunners.LoginTestCase"/>
</testsuite> <!-- testrunners.LoginTestCase -->
